<?xml version="1.0" encoding="UTF-8"?>
<!-- Generated by org.testng.reporters.JUnitXMLReporter -->
<testsuite ignored="0" hostname="LAPTOP-ME293AA7" failures="1" tests="2" name="Test" time="64.115" errors="0" timestamp="2025-05-16T17:52:46 IST">
  <testcase classname="testCases.TC_001_AccountRegistrationTest" name="verify_accountRegistration" time="10.159">
    <failure type="java.lang.AssertionError" message="null">
      <![CDATA[java.lang.AssertionError: null
at testCases.TC_001_AccountRegistrationTest.verify_accountRegistration(TC_001_AccountRegistrationTest.java:62)
at java.base/java.util.ArrayList.forEach(ArrayList.java:1597)
... Removed 31 stack frames]]>
    </failure>
  </testcase> <!-- verify_accountRegistration -->
  <testcase classname="testCases.TC_002_LoginTest" name="verify_login" time="3.156"/>
</testsuite> <!-- Test -->
