<?xml version="1.0" encoding="UTF-8"?>
<!-- Generated by org.testng.reporters.JUnitXMLReporter -->
<testsuite ignored="0" hostname="LAPTOP-ME293AA7" failures="1" tests="1" name="edgeTest" time="125.729" errors="0" timestamp="2025-05-14T14:26:59 IST">
  <testcase classname="testCases.TC_001_AccountRegistrationTest" name="verify_accountRegistration" time="20.941">
    <failure type="java.lang.AssertionError" message="null">
      <![CDATA[java.lang.AssertionError: null
at testCases.TC_001_AccountRegistrationTest.verify_accountRegistration(TC_001_AccountRegistrationTest.java:62)
at java.base/java.util.ArrayList.forEach(ArrayList.java:1597)
at java.base/java.util.concurrent.FutureTask.run(FutureTask.java:317)
at java.base/java.util.concurrent.ThreadPoolExecutor.runWorker(ThreadPoolExecutor.java:1144)
at java.base/java.util.concurrent.ThreadPoolExecutor$Worker.run(ThreadPoolExecutor.java:642)
at java.base/java.lang.Thread.run(Thread.java:1575)
... Removed 17 stack frames]]>
    </failure>
  </testcase> <!-- verify_accountRegistration -->
</testsuite> <!-- edgeTest -->
