<?xml version="1.0" encoding="UTF-8"?>
<!-- Generated by org.testng.reporters.JUnitXMLReporter -->
<testsuite ignored="0" hostname="LAPTOP-ME293AA7" failures="0" tests="2" name="Linux-Firefox" time="95.739" errors="0" timestamp="2025-05-15T11:17:38 IST">
  <testcase classname="testCases.TC_001_AccountRegistrationTest" name="verify_accountRegistration" time="0.0">
    <skipped/>
  </testcase> <!-- verify_accountRegistration -->
  <testcase classname="testCases.TC_002_LoginTest" name="verify_login" time="3.787"/>
</testsuite> <!-- Linux-Firefox -->
