<?xml version="1.0" encoding="UTF-8"?>
<testng-results ignored="0" total="2" passed="2" failed="0" skipped="0">
  <reporter-output>
  </reporter-output>
  <suite started-at="2025-07-14T16:30:02 IST" name="Master Suite" finished-at="2025-07-14T16:30:11 IST" duration-ms="8779">
    <groups>
      <group name="Master">
        <method signature="TC_001_AccountRegistrationTest.verify_accountRegistration()[pri:0, instance:testCases.TC_001_AccountRegistrationTest@74a6f9c1]" name="verify_accountRegistration" class="testCases.TC_001_AccountRegistrationTest"/>
        <method signature="TC_002_LoginTest.verify_login()[pri:0, instance:testCases.TC_002_LoginTest@2d778add]" name="verify_login" class="testCases.TC_002_LoginTest"/>
      </group> <!-- Master -->
      <group name="Sanity">
        <method signature="TC_002_LoginTest.verify_login()[pri:0, instance:testCases.TC_002_LoginTest@2d778add]" name="verify_login" class="testCases.TC_002_LoginTest"/>
      </group> <!-- Sanity -->
      <group name="Regression">
        <method signature="TC_001_AccountRegistrationTest.verify_accountRegistration()[pri:0, instance:testCases.TC_001_AccountRegistrationTest@74a6f9c1]" name="verify_accountRegistration" class="testCases.TC_001_AccountRegistrationTest"/>
      </group> <!-- Regression -->
    </groups>
    <test started-at="2025-07-14T16:30:02 IST" name="Test" finished-at="2025-07-14T16:30:11 IST" duration-ms="8779">
      <class name="testCases.TC_001_AccountRegistrationTest">
        <test-method is-config="true" signature="setup(java.lang.String,java.lang.String)[pri:0, instance:testCases.TC_001_AccountRegistrationTest@74a6f9c1]" started-at="2025-07-14T16:30:03 IST" name="setup" finished-at="2025-07-14T16:30:05 IST" duration-ms="2359" status="PASS">
          <params>
            <param index="0">
              <value>
                <![CDATA[windows]]>
              </value>
            </param>
            <param index="1">
              <value>
                <![CDATA[chrome]]>
              </value>
            </param>
          </params>
          <reporter-output>
          </reporter-output>
        </test-method> <!-- setup -->
        <test-method signature="verify_accountRegistration()[pri:0, instance:testCases.TC_001_AccountRegistrationTest@74a6f9c1]" started-at="2025-07-14T16:30:05 IST" name="verify_accountRegistration" finished-at="2025-07-14T16:30:08 IST" duration-ms="2709" status="PASS">
          <reporter-output>
          </reporter-output>
        </test-method> <!-- verify_accountRegistration -->
        <test-method is-config="true" signature="tearDown()[pri:0, instance:testCases.TC_001_AccountRegistrationTest@74a6f9c1]" started-at="2025-07-14T16:30:08 IST" name="tearDown" finished-at="2025-07-14T16:30:08 IST" duration-ms="124" status="PASS">
          <reporter-output>
          </reporter-output>
        </test-method> <!-- tearDown -->
      </class> <!-- testCases.TC_001_AccountRegistrationTest -->
      <class name="testCases.TC_002_LoginTest">
        <test-method is-config="true" signature="setup(java.lang.String,java.lang.String)[pri:0, instance:testCases.TC_002_LoginTest@2d778add]" started-at="2025-07-14T16:30:08 IST" name="setup" finished-at="2025-07-14T16:30:09 IST" duration-ms="1585" status="PASS">
          <params>
            <param index="0">
              <value>
                <![CDATA[windows]]>
              </value>
            </param>
            <param index="1">
              <value>
                <![CDATA[chrome]]>
              </value>
            </param>
          </params>
          <reporter-output>
          </reporter-output>
        </test-method> <!-- setup -->
        <test-method signature="verify_login()[pri:0, instance:testCases.TC_002_LoginTest@2d778add]" started-at="2025-07-14T16:30:09 IST" name="verify_login" finished-at="2025-07-14T16:30:11 IST" duration-ms="1668" status="PASS">
          <reporter-output>
          </reporter-output>
        </test-method> <!-- verify_login -->
        <test-method is-config="true" signature="tearDown()[pri:0, instance:testCases.TC_002_LoginTest@2d778add]" started-at="2025-07-14T16:30:11 IST" name="tearDown" finished-at="2025-07-14T16:30:11 IST" duration-ms="118" status="PASS">
          <reporter-output>
          </reporter-output>
        </test-method> <!-- tearDown -->
      </class> <!-- testCases.TC_002_LoginTest -->
    </test> <!-- Test -->
  </suite> <!-- Master Suite -->
</testng-results>
